
*** Running vivado
    with args -log design_1_ov7670_controller_0_1.vds -m64 -product Vivado -mode batch -messageDb vivado.pb -notrace -source design_1_ov7670_controller_0_1.tcl


****** Vivado v2018.1 (64-bit)
  **** SW Build 2188600 on Wed Apr  4 18:40:38 MDT 2018
  **** IP Build 2185939 on Wed Apr  4 20:55:05 MDT 2018
    ** Copyright 1986-2018 Xilinx, Inc. All Rights Reserved.

source design_1_ov7670_controller_0_1.tcl -notrace
Command: synth_design -top design_1_ov7670_controller_0_1 -part xc7a100tcsg324-1 -mode out_of_context
Starting synth_design
Attempting to get a license for feature 'Synthesis' and/or device 'xc7a100t'
INFO: [Common 17-349] Got license for feature 'Synthesis' and/or device 'xc7a100t'
INFO: Launching helper process for spawning children vivado processes
INFO: Helper process launched with PID 15140 
---------------------------------------------------------------------------------
Starting RTL Elaboration : Time (s): cpu = 00:00:05 ; elapsed = 00:00:06 . Memory (MB): peak = 386.059 ; gain = 98.504
---------------------------------------------------------------------------------
INFO: [Synth 8-638] synthesizing module 'design_1_ov7670_controller_0_1' [k:/ECE532/prj/IP/camera_vga/camera_vga/camera_vga.srcs/sources_1/bd/design_1/ip/design_1_ov7670_controller_0_1/synth/design_1_ov7670_controller_0_1.vhd:69]
INFO: [Synth 8-3491] module 'ov7670_controller' declared at 'k:/ECE532/prj/IP/camera_vga/camera_vga/camera_vga.srcs/sources_1/bd/design_1/ipshared/5992/ov7670_controller.vhd:11' bound to instance 'U0' of component 'ov7670_controller' [k:/ECE532/prj/IP/camera_vga/camera_vga/camera_vga.srcs/sources_1/bd/design_1/ip/design_1_ov7670_controller_0_1/synth/design_1_ov7670_controller_0_1.vhd:97]
INFO: [Synth 8-638] synthesizing module 'ov7670_controller' [k:/ECE532/prj/IP/camera_vga/camera_vga/camera_vga.srcs/sources_1/bd/design_1/ipshared/5992/ov7670_controller.vhd:23]
INFO: [Synth 8-3491] module 'i2c_sender' declared at 'k:/ECE532/prj/IP/camera_vga/camera_vga/camera_vga.srcs/sources_1/bd/design_1/ipshared/5992/i2c_sender.vhd:11' bound to instance 'Inst_i2c_sender' of component 'i2c_sender' [k:/ECE532/prj/IP/camera_vga/camera_vga/camera_vga.srcs/sources_1/bd/design_1/ipshared/5992/ov7670_controller.vhd:58]
INFO: [Synth 8-638] synthesizing module 'i2c_sender' [k:/ECE532/prj/IP/camera_vga/camera_vga/camera_vga.srcs/sources_1/bd/design_1/ipshared/5992/i2c_sender.vhd:24]
INFO: [Synth 8-256] done synthesizing module 'i2c_sender' (1#1) [k:/ECE532/prj/IP/camera_vga/camera_vga/camera_vga.srcs/sources_1/bd/design_1/ipshared/5992/i2c_sender.vhd:24]
INFO: [Synth 8-3491] module 'ov7670_registers' declared at 'k:/ECE532/prj/IP/camera_vga/camera_vga/camera_vga.srcs/sources_1/bd/design_1/ipshared/5992/ov7670_registers.vhd:27' bound to instance 'Inst_ov7670_registers' of component 'ov7670_registers' [k:/ECE532/prj/IP/camera_vga/camera_vga/camera_vga.srcs/sources_1/bd/design_1/ipshared/5992/ov7670_controller.vhd:73]
INFO: [Synth 8-638] synthesizing module 'ov7670_registers' [k:/ECE532/prj/IP/camera_vga/camera_vga/camera_vga.srcs/sources_1/bd/design_1/ipshared/5992/ov7670_registers.vhd:37]
INFO: [Synth 8-256] done synthesizing module 'ov7670_registers' (2#1) [k:/ECE532/prj/IP/camera_vga/camera_vga/camera_vga.srcs/sources_1/bd/design_1/ipshared/5992/ov7670_registers.vhd:37]
INFO: [Synth 8-256] done synthesizing module 'ov7670_controller' (3#1) [k:/ECE532/prj/IP/camera_vga/camera_vga/camera_vga.srcs/sources_1/bd/design_1/ipshared/5992/ov7670_controller.vhd:23]
INFO: [Synth 8-256] done synthesizing module 'design_1_ov7670_controller_0_1' (4#1) [k:/ECE532/prj/IP/camera_vga/camera_vga/camera_vga.srcs/sources_1/bd/design_1/ip/design_1_ov7670_controller_0_1/synth/design_1_ov7670_controller_0_1.vhd:69]
---------------------------------------------------------------------------------
Finished RTL Elaboration : Time (s): cpu = 00:00:06 ; elapsed = 00:00:07 . Memory (MB): peak = 441.254 ; gain = 153.699
---------------------------------------------------------------------------------

Report Check Netlist: 
+------+------------------+-------+---------+-------+------------------+
|      |Item              |Errors |Warnings |Status |Description       |
+------+------------------+-------+---------+-------+------------------+
|1     |multi_driven_nets |      0|        0|Passed |Multi driven nets |
+------+------------------+-------+---------+-------+------------------+
---------------------------------------------------------------------------------
Start Handling Custom Attributes
---------------------------------------------------------------------------------
---------------------------------------------------------------------------------
Finished Handling Custom Attributes : Time (s): cpu = 00:00:06 ; elapsed = 00:00:07 . Memory (MB): peak = 441.254 ; gain = 153.699
---------------------------------------------------------------------------------
---------------------------------------------------------------------------------
Finished RTL Optimization Phase 1 : Time (s): cpu = 00:00:06 ; elapsed = 00:00:07 . Memory (MB): peak = 441.254 ; gain = 153.699
---------------------------------------------------------------------------------
INFO: [Device 21-403] Loading part xc7a100tcsg324-1
INFO: [Project 1-570] Preparing netlist for logic optimization

Processing XDC Constraints
Initializing timing engine
Completed Processing XDC Constraints

INFO: [Project 1-111] Unisim Transformation Summary:
No Unisim elements were transformed.

Constraint Validation Runtime : Time (s): cpu = 00:00:00 ; elapsed = 00:00:00.033 . Memory (MB): peak = 771.379 ; gain = 0.012
---------------------------------------------------------------------------------
Finished Constraint Validation : Time (s): cpu = 00:00:17 ; elapsed = 00:00:27 . Memory (MB): peak = 771.379 ; gain = 483.824
---------------------------------------------------------------------------------
---------------------------------------------------------------------------------
Start Loading Part and Timing Information
---------------------------------------------------------------------------------
Loading part: xc7a100tcsg324-1
---------------------------------------------------------------------------------
Finished Loading Part and Timing Information : Time (s): cpu = 00:00:17 ; elapsed = 00:00:27 . Memory (MB): peak = 771.379 ; gain = 483.824
---------------------------------------------------------------------------------
---------------------------------------------------------------------------------
Start Applying 'set_property' XDC Constraints
---------------------------------------------------------------------------------
---------------------------------------------------------------------------------
Finished applying 'set_property' XDC Constraints : Time (s): cpu = 00:00:17 ; elapsed = 00:00:27 . Memory (MB): peak = 771.379 ; gain = 483.824
---------------------------------------------------------------------------------
INFO: [Synth 8-5546] ROM "taken" won't be mapped to RAM because it is too sparse
INFO: [Synth 8-5546] ROM "data_sr" won't be mapped to RAM because it is too sparse
INFO: [Synth 8-5546] ROM "divider" won't be mapped to RAM because it is too sparse
INFO: [Synth 8-5546] ROM "fin" won't be mapped to RAM because it is too sparse
WARNING: [Synth 8-6040] Register address_reg_rep driving address of a ROM cannot be packed in BRAM/URAM because of presence of initial value.
WARNING: [Synth 8-6014] Unused sequential element sreg_reg was removed.  [k:/ECE532/prj/IP/camera_vga/camera_vga/camera_vga.srcs/sources_1/bd/design_1/ipshared/5992/ov7670_registers.vhd:72]
---------------------------------------------------------------------------------
Finished RTL Optimization Phase 2 : Time (s): cpu = 00:00:17 ; elapsed = 00:00:28 . Memory (MB): peak = 771.379 ; gain = 483.824
---------------------------------------------------------------------------------

Report RTL Partitions: 
+-+--------------+------------+----------+
| |RTL Partition |Replication |Instances |
+-+--------------+------------+----------+
+-+--------------+------------+----------+
---------------------------------------------------------------------------------
Start RTL Component Statistics 
---------------------------------------------------------------------------------
Detailed RTL Component Info : 
+---Adders : 
	   2 Input      8 Bit       Adders := 4     
+---Registers : 
	               32 Bit    Registers := 2     
	               16 Bit    Registers := 1     
	                8 Bit    Registers := 3     
	                1 Bit    Registers := 4     
+---ROMs : 
	                              ROMs := 1     
+---Muxes : 
	   2 Input     32 Bit        Muxes := 2     
	   2 Input      8 Bit        Muxes := 2     
	   7 Input      2 Bit        Muxes := 1     
	   2 Input      1 Bit        Muxes := 4     
	   3 Input      1 Bit        Muxes := 1     
	   4 Input      1 Bit        Muxes := 3     
---------------------------------------------------------------------------------
Finished RTL Component Statistics 
---------------------------------------------------------------------------------
---------------------------------------------------------------------------------
Start RTL Hierarchical Component Statistics 
---------------------------------------------------------------------------------
Hierarchical RTL Component report 
Module i2c_sender 
Detailed RTL Component Info : 
+---Adders : 
	   2 Input      8 Bit       Adders := 2     
+---Registers : 
	               32 Bit    Registers := 2     
	                8 Bit    Registers := 1     
	                1 Bit    Registers := 2     
+---Muxes : 
	   2 Input     32 Bit        Muxes := 2     
	   2 Input      8 Bit        Muxes := 2     
	   7 Input      2 Bit        Muxes := 1     
	   2 Input      1 Bit        Muxes := 3     
	   3 Input      1 Bit        Muxes := 1     
	   4 Input      1 Bit        Muxes := 3     
Module ov7670_registers 
Detailed RTL Component Info : 
+---Adders : 
	   2 Input      8 Bit       Adders := 2     
+---Registers : 
	               16 Bit    Registers := 1     
	                8 Bit    Registers := 2     
	                1 Bit    Registers := 1     
+---ROMs : 
	                              ROMs := 1     
+---Muxes : 
	   2 Input      1 Bit        Muxes := 1     
Module ov7670_controller 
Detailed RTL Component Info : 
+---Registers : 
	                1 Bit    Registers := 1     
---------------------------------------------------------------------------------
Finished RTL Hierarchical Component Statistics
---------------------------------------------------------------------------------
---------------------------------------------------------------------------------
Start Part Resource Summary
---------------------------------------------------------------------------------
Part Resources:
DSPs: 240 (col length:80)
BRAMs: 270 (col length: RAMB18 80 RAMB36 40)
---------------------------------------------------------------------------------
Finished Part Resource Summary
---------------------------------------------------------------------------------
---------------------------------------------------------------------------------
Start Cross Boundary and Area Optimization
---------------------------------------------------------------------------------
Warning: Parallel synthesis criteria is not met 
INFO: [Synth 8-5546] ROM "U0/Inst_i2c_sender/divider" won't be mapped to RAM because it is too sparse
INFO: [Synth 8-5546] ROM "U0/Inst_i2c_sender/taken" won't be mapped to RAM because it is too sparse
INFO: [Synth 8-5546] ROM "U0/Inst_ov7670_registers/fin" won't be mapped to RAM because it is too sparse
WARNING: [Synth 8-6040] Register U0/Inst_ov7670_registers/address_reg_rep driving address of a ROM cannot be packed in BRAM/URAM because of presence of initial value.
WARNING: [Synth 8-6014] Unused sequential element U0/Inst_ov7670_registers/sreg_reg was removed.  [k:/ECE532/prj/IP/camera_vga/camera_vga/camera_vga.srcs/sources_1/bd/design_1/ipshared/5992/ov7670_registers.vhd:72]
INFO: [Synth 8-3917] design design_1_ov7670_controller_0_1 has port reset driven by constant 1
INFO: [Synth 8-3917] design design_1_ov7670_controller_0_1 has port pwdn driven by constant 0
INFO: [Synth 8-3333] propagating constant 1 across sequential element (\U0/Inst_i2c_sender/data_sr_reg[0] )
INFO: [Synth 8-3332] Sequential element (U0/Inst_i2c_sender/data_sr_reg[0]) is unused and will be removed from module design_1_ov7670_controller_0_1.
---------------------------------------------------------------------------------
Finished Cross Boundary and Area Optimization : Time (s): cpu = 00:00:18 ; elapsed = 00:00:29 . Memory (MB): peak = 771.379 ; gain = 483.824
---------------------------------------------------------------------------------
---------------------------------------------------------------------------------
Start ROM, RAM, DSP and Shift Register Reporting
---------------------------------------------------------------------------------

ROM:
+-------------------------------+-----------------------------------+---------------+----------------+
|Module Name                    | RTL Object                        | Depth x Width | Implemented As | 
+-------------------------------+-----------------------------------+---------------+----------------+
|ov7670_registers               | sreg_reg                          | 256x16        | Block RAM      | 
|design_1_ov7670_controller_0_1 | U0/Inst_ov7670_registers/sreg_reg | 256x16        | Block RAM      | 
+-------------------------------+-----------------------------------+---------------+----------------+

---------------------------------------------------------------------------------
Finished ROM, RAM, DSP and Shift Register Reporting
---------------------------------------------------------------------------------
INFO: [Synth 8-4480] The timing for the instance U0i_1/U0/Inst_ov7670_registers/sreg_reg (implemented as a block RAM) might be sub-optimal as no optional output register could be merged into the block ram. Providing additional output register may help in improving timing.

Report RTL Partitions: 
+-+--------------+------------+----------+
| |RTL Partition |Replication |Instances |
+-+--------------+------------+----------+
+-+--------------+------------+----------+
---------------------------------------------------------------------------------
Start Applying XDC Timing Constraints
---------------------------------------------------------------------------------
---------------------------------------------------------------------------------
Finished Applying XDC Timing Constraints : Time (s): cpu = 00:00:27 ; elapsed = 00:00:39 . Memory (MB): peak = 775.238 ; gain = 487.684
---------------------------------------------------------------------------------
---------------------------------------------------------------------------------
Start Timing Optimization
---------------------------------------------------------------------------------
---------------------------------------------------------------------------------
Finished Timing Optimization : Time (s): cpu = 00:00:27 ; elapsed = 00:00:39 . Memory (MB): peak = 775.313 ; gain = 487.758
---------------------------------------------------------------------------------

Report RTL Partitions: 
+-+--------------+------------+----------+
| |RTL Partition |Replication |Instances |
+-+--------------+------------+----------+
+-+--------------+------------+----------+
---------------------------------------------------------------------------------
Start Technology Mapping
---------------------------------------------------------------------------------
INFO: [Synth 8-4480] The timing for the instance U0/Inst_ov7670_registers/sreg_reg (implemented as a block RAM) might be sub-optimal as no optional output register could be merged into the block ram. Providing additional output register may help in improving timing.
---------------------------------------------------------------------------------
Finished Technology Mapping : Time (s): cpu = 00:00:27 ; elapsed = 00:00:39 . Memory (MB): peak = 794.961 ; gain = 507.406
---------------------------------------------------------------------------------

Report RTL Partitions: 
+-+--------------+------------+----------+
| |RTL Partition |Replication |Instances |
+-+--------------+------------+----------+
+-+--------------+------------+----------+
---------------------------------------------------------------------------------
Start IO Insertion
---------------------------------------------------------------------------------
---------------------------------------------------------------------------------
Start Flattening Before IO Insertion
---------------------------------------------------------------------------------
---------------------------------------------------------------------------------
Finished Flattening Before IO Insertion
---------------------------------------------------------------------------------
---------------------------------------------------------------------------------
Start Final Netlist Cleanup
---------------------------------------------------------------------------------
---------------------------------------------------------------------------------
Finished Final Netlist Cleanup
---------------------------------------------------------------------------------
CRITICAL WARNING: [Synth 8-5799] Converted tricell instance 'U0i_0' to logic
---------------------------------------------------------------------------------
Finished IO Insertion : Time (s): cpu = 00:00:28 ; elapsed = 00:00:40 . Memory (MB): peak = 794.961 ; gain = 507.406
---------------------------------------------------------------------------------

Report Check Netlist: 
+------+------------------+-------+---------+-------+------------------+
|      |Item              |Errors |Warnings |Status |Description       |
+------+------------------+-------+---------+-------+------------------+
|1     |multi_driven_nets |      0|        0|Passed |Multi driven nets |
+------+------------------+-------+---------+-------+------------------+
---------------------------------------------------------------------------------
Start Renaming Generated Instances
---------------------------------------------------------------------------------
---------------------------------------------------------------------------------
Finished Renaming Generated Instances : Time (s): cpu = 00:00:28 ; elapsed = 00:00:40 . Memory (MB): peak = 794.961 ; gain = 507.406
---------------------------------------------------------------------------------

Report RTL Partitions: 
+-+--------------+------------+----------+
| |RTL Partition |Replication |Instances |
+-+--------------+------------+----------+
+-+--------------+------------+----------+
---------------------------------------------------------------------------------
Start Rebuilding User Hierarchy
---------------------------------------------------------------------------------
---------------------------------------------------------------------------------
Finished Rebuilding User Hierarchy : Time (s): cpu = 00:00:28 ; elapsed = 00:00:40 . Memory (MB): peak = 794.961 ; gain = 507.406
---------------------------------------------------------------------------------
---------------------------------------------------------------------------------
Start Renaming Generated Ports
---------------------------------------------------------------------------------
---------------------------------------------------------------------------------
Finished Renaming Generated Ports : Time (s): cpu = 00:00:28 ; elapsed = 00:00:40 . Memory (MB): peak = 794.961 ; gain = 507.406
---------------------------------------------------------------------------------
---------------------------------------------------------------------------------
Start Handling Custom Attributes
---------------------------------------------------------------------------------
---------------------------------------------------------------------------------
Finished Handling Custom Attributes : Time (s): cpu = 00:00:28 ; elapsed = 00:00:40 . Memory (MB): peak = 794.961 ; gain = 507.406
---------------------------------------------------------------------------------
---------------------------------------------------------------------------------
Start Renaming Generated Nets
---------------------------------------------------------------------------------
---------------------------------------------------------------------------------
Finished Renaming Generated Nets : Time (s): cpu = 00:00:28 ; elapsed = 00:00:40 . Memory (MB): peak = 794.961 ; gain = 507.406
---------------------------------------------------------------------------------
---------------------------------------------------------------------------------
Start Writing Synthesis Report
---------------------------------------------------------------------------------

Report BlackBoxes: 
+-+--------------+----------+
| |BlackBox name |Instances |
+-+--------------+----------+
+-+--------------+----------+

Report Cell Usage: 
+------+---------+------+
|      |Cell     |Count |
+------+---------+------+
|1     |LUT1     |     3|
|2     |LUT2     |     7|
|3     |LUT3     |    54|
|4     |LUT4     |     8|
|5     |LUT5     |     5|
|6     |LUT6     |    12|
|7     |RAMB18E1 |     1|
|8     |FDRE     |    91|
+------+---------+------+

Report Instance Areas: 
+------+--------------------------+------------------+------+
|      |Instance                  |Module            |Cells |
+------+--------------------------+------------------+------+
|1     |top                       |                  |   181|
|2     |  U0                      |ov7670_controller |   181|
|3     |    Inst_i2c_sender       |i2c_sender        |   145|
|4     |    Inst_ov7670_registers |ov7670_registers  |    34|
+------+--------------------------+------------------+------+
---------------------------------------------------------------------------------
Finished Writing Synthesis Report : Time (s): cpu = 00:00:28 ; elapsed = 00:00:40 . Memory (MB): peak = 794.961 ; gain = 507.406
---------------------------------------------------------------------------------
Synthesis finished with 0 errors, 1 critical warnings and 4 warnings.
Synthesis Optimization Runtime : Time (s): cpu = 00:00:16 ; elapsed = 00:00:24 . Memory (MB): peak = 794.961 ; gain = 177.281
Synthesis Optimization Complete : Time (s): cpu = 00:00:28 ; elapsed = 00:00:40 . Memory (MB): peak = 794.961 ; gain = 507.406
INFO: [Project 1-571] Translating synthesized netlist
INFO: [Netlist 29-17] Analyzing 1 Unisim elements for replacement
INFO: [Netlist 29-28] Unisim Transformation completed in 0 CPU seconds
INFO: [Project 1-570] Preparing netlist for logic optimization
INFO: [Opt 31-138] Pushed 0 inverter(s) to 0 load pin(s).
INFO: [Project 1-111] Unisim Transformation Summary:
No Unisim elements were transformed.

INFO: [Common 17-83] Releasing license: Synthesis
35 Infos, 4 Warnings, 1 Critical Warnings and 0 Errors encountered.
synth_design completed successfully
synth_design: Time (s): cpu = 00:00:30 ; elapsed = 00:00:42 . Memory (MB): peak = 798.805 ; gain = 522.723
INFO: [Common 17-1381] The checkpoint 'K:/ECE532/prj/IP/camera_vga/camera_vga/camera_vga.runs/design_1_ov7670_controller_0_1_synth_1/design_1_ov7670_controller_0_1.dcp' has been generated.
