
*** Running vivado
    with args -log design_1_mii_to_rmii_0_0.vds -m64 -product Vivado -mode batch -messageDb vivado.pb -notrace -source design_1_mii_to_rmii_0_0.tcl


****** Vivado v2018.1 (64-bit)
  **** SW Build 2188600 on Wed Apr  4 18:40:38 MDT 2018
  **** IP Build 2185939 on Wed Apr  4 20:55:05 MDT 2018
    ** Copyright 1986-2018 Xilinx, Inc. All Rights Reserved.

source design_1_mii_to_rmii_0_0.tcl -notrace
Command: synth_design -top design_1_mii_to_rmii_0_0 -part xc7a100tcsg324-1 -mode out_of_context
Starting synth_design
Attempting to get a license for feature 'Synthesis' and/or device 'xc7a100t'
INFO: [Common 17-349] Got license for feature 'Synthesis' and/or device 'xc7a100t'
INFO: Launching helper process for spawning children vivado processes
INFO: Helper process launched with PID 6616 
---------------------------------------------------------------------------------
Starting RTL Elaboration : Time (s): cpu = 00:00:06 ; elapsed = 00:00:06 . Memory (MB): peak = 391.781 ; gain = 101.418
---------------------------------------------------------------------------------
INFO: [Synth 8-638] synthesizing module 'design_1_mii_to_rmii_0_0' [k:/ECE532/prj/project/project.srcs/sources_1/bd/design_1/ip/design_1_mii_to_rmii_0_0/synth/design_1_mii_to_rmii_0_0.vhd:81]
	Parameter C_INSTANCE bound to: design_1_mii_to_rmii_0_0 - type: string 
	Parameter C_FIXED_SPEED bound to: 1'b1 
	Parameter C_INCLUDE_BUF bound to: 0 - type: integer 
	Parameter C_SPEED_100 bound to: 1'b1 
	Parameter C_FAMILY bound to: artix7 - type: string 
INFO: [Synth 8-3491] module 'mii_to_rmii' declared at 'k:/ECE532/prj/project/project.srcs/sources_1/bd/design_1/ipshared/1f12/hdl/mii_to_rmii_v2_0_vh_rfs.vhd:4153' bound to instance 'U0' of component 'mii_to_rmii' [k:/ECE532/prj/project/project.srcs/sources_1/bd/design_1/ip/design_1_mii_to_rmii_0_0/synth/design_1_mii_to_rmii_0_0.vhd:141]
INFO: [Synth 8-638] synthesizing module 'mii_to_rmii' [k:/ECE532/prj/project/project.srcs/sources_1/bd/design_1/ipshared/1f12/hdl/mii_to_rmii_v2_0_vh_rfs.vhd:4219]
	Parameter C_INSTANCE bound to: design_1_mii_to_rmii_0_0 - type: string 
	Parameter C_FIXED_SPEED bound to: 1'b1 
	Parameter C_INCLUDE_BUF bound to: 0 - type: integer 
	Parameter C_SPEED_100 bound to: 1'b1 
	Parameter C_FAMILY bound to: artix7 - type: string 
INFO: [Synth 8-638] synthesizing module 'rmii_tx_fixed' [k:/ECE532/prj/project/project.srcs/sources_1/bd/design_1/ipshared/1f12/hdl/mii_to_rmii_v2_0_vh_rfs.vhd:1751]
	Parameter C_RESET_ACTIVE bound to: 1'b0 
INFO: [Synth 8-256] done synthesizing module 'rmii_tx_fixed' (1#1) [k:/ECE532/prj/project/project.srcs/sources_1/bd/design_1/ipshared/1f12/hdl/mii_to_rmii_v2_0_vh_rfs.vhd:1751]
INFO: [Synth 8-638] synthesizing module 'rmii_rx_fixed' [k:/ECE532/prj/project/project.srcs/sources_1/bd/design_1/ipshared/1f12/hdl/mii_to_rmii_v2_0_vh_rfs.vhd:2664]
	Parameter C_RESET_ACTIVE bound to: 1'b0 
	Parameter C_SPEED_100 bound to: 1'b1 
INFO: [Synth 8-5534] Detected attribute (* shreg_extract = "no" *) [k:/ECE532/prj/project/project.srcs/sources_1/bd/design_1/ipshared/1f12/hdl/mii_to_rmii_v2_0_vh_rfs.vhd:3323]
INFO: [Synth 8-5534] Detected attribute (* shreg_extract = "no" *) [k:/ECE532/prj/project/project.srcs/sources_1/bd/design_1/ipshared/1f12/hdl/mii_to_rmii_v2_0_vh_rfs.vhd:3333]
INFO: [Synth 8-5534] Detected attribute (* shreg_extract = "no" *) [k:/ECE532/prj/project/project.srcs/sources_1/bd/design_1/ipshared/1f12/hdl/mii_to_rmii_v2_0_vh_rfs.vhd:3340]
	Parameter C_DATA_BITS bound to: 5 - type: integer 
	Parameter C_DEPTH bound to: 16 - type: integer 
INFO: [Synth 8-3491] module 'SRL_FIFO' declared at 'k:/ECE532/prj/project/project.srcs/sources_1/bd/design_1/ipshared/1f12/hdl/mii_to_rmii_v2_0_vh_rfs.vhd:1434' bound to instance 'I_SRL_FIFO' of component 'srl_fifo' [k:/ECE532/prj/project/project.srcs/sources_1/bd/design_1/ipshared/1f12/hdl/mii_to_rmii_v2_0_vh_rfs.vhd:3385]
INFO: [Synth 8-638] synthesizing module 'SRL_FIFO' [k:/ECE532/prj/project/project.srcs/sources_1/bd/design_1/ipshared/1f12/hdl/mii_to_rmii_v2_0_vh_rfs.vhd:1454]
	Parameter C_DATA_BITS bound to: 5 - type: integer 
	Parameter C_DEPTH bound to: 16 - type: integer 
	Parameter C_XON bound to: 0 - type: bool 
INFO: [Synth 8-3491] module 'FDR' declared at 'E:/Vivado/2018.1/scripts/rt/data/unisim_comp.v:3953' bound to instance 'Data_Exists_DFF' of component 'FDR' [k:/ECE532/prj/project/project.srcs/sources_1/bd/design_1/ipshared/1f12/hdl/mii_to_rmii_v2_0_vh_rfs.vhd:1548]
INFO: [Synth 8-6157] synthesizing module 'FDR' [E:/Vivado/2018.1/scripts/rt/data/unisim_comp.v:3953]
	Parameter INIT bound to: 1'b0 
INFO: [Synth 8-6155] done synthesizing module 'FDR' (2#1) [E:/Vivado/2018.1/scripts/rt/data/unisim_comp.v:3953]
INFO: [Synth 8-3491] module 'MUXCY_L' declared at 'E:/Vivado/2018.1/scripts/rt/data/unisim_comp.v:26640' bound to instance 'MUXCY_L_I' of component 'MUXCY_L' [k:/ECE532/prj/project/project.srcs/sources_1/bd/design_1/ipshared/1f12/hdl/mii_to_rmii_v2_0_vh_rfs.vhd:1565]
INFO: [Synth 8-6157] synthesizing module 'MUXCY_L' [E:/Vivado/2018.1/scripts/rt/data/unisim_comp.v:26640]
INFO: [Synth 8-6155] done synthesizing module 'MUXCY_L' (3#1) [E:/Vivado/2018.1/scripts/rt/data/unisim_comp.v:26640]
INFO: [Synth 8-3491] module 'XORCY' declared at 'E:/Vivado/2018.1/scripts/rt/data/unisim_comp.v:52721' bound to instance 'XORCY_I' of component 'XORCY' [k:/ECE532/prj/project/project.srcs/sources_1/bd/design_1/ipshared/1f12/hdl/mii_to_rmii_v2_0_vh_rfs.vhd:1572]
INFO: [Synth 8-6157] synthesizing module 'XORCY' [E:/Vivado/2018.1/scripts/rt/data/unisim_comp.v:52721]
INFO: [Synth 8-6155] done synthesizing module 'XORCY' (4#1) [E:/Vivado/2018.1/scripts/rt/data/unisim_comp.v:52721]
INFO: [Synth 8-3491] module 'FDRE' declared at 'E:/Vivado/2018.1/scripts/rt/data/unisim_comp.v:3966' bound to instance 'FDRE_I' of component 'FDRE' [k:/ECE532/prj/project/project.srcs/sources_1/bd/design_1/ipshared/1f12/hdl/mii_to_rmii_v2_0_vh_rfs.vhd:1578]
INFO: [Synth 8-6157] synthesizing module 'FDRE' [E:/Vivado/2018.1/scripts/rt/data/unisim_comp.v:3966]
	Parameter INIT bound to: 1'b0 
	Parameter IS_C_INVERTED bound to: 1'b0 
	Parameter IS_D_INVERTED bound to: 1'b0 
	Parameter IS_R_INVERTED bound to: 1'b0 
INFO: [Synth 8-6155] done synthesizing module 'FDRE' (5#1) [E:/Vivado/2018.1/scripts/rt/data/unisim_comp.v:3966]
INFO: [Synth 8-3491] module 'MUXCY_L' declared at 'E:/Vivado/2018.1/scripts/rt/data/unisim_comp.v:26640' bound to instance 'MUXCY_L_I' of component 'MUXCY_L' [k:/ECE532/prj/project/project.srcs/sources_1/bd/design_1/ipshared/1f12/hdl/mii_to_rmii_v2_0_vh_rfs.vhd:1565]
INFO: [Synth 8-3491] module 'XORCY' declared at 'E:/Vivado/2018.1/scripts/rt/data/unisim_comp.v:52721' bound to instance 'XORCY_I' of component 'XORCY' [k:/ECE532/prj/project/project.srcs/sources_1/bd/design_1/ipshared/1f12/hdl/mii_to_rmii_v2_0_vh_rfs.vhd:1572]
INFO: [Synth 8-3491] module 'FDRE' declared at 'E:/Vivado/2018.1/scripts/rt/data/unisim_comp.v:3966' bound to instance 'FDRE_I' of component 'FDRE' [k:/ECE532/prj/project/project.srcs/sources_1/bd/design_1/ipshared/1f12/hdl/mii_to_rmii_v2_0_vh_rfs.vhd:1578]
INFO: [Synth 8-3491] module 'MUXCY_L' declared at 'E:/Vivado/2018.1/scripts/rt/data/unisim_comp.v:26640' bound to instance 'MUXCY_L_I' of component 'MUXCY_L' [k:/ECE532/prj/project/project.srcs/sources_1/bd/design_1/ipshared/1f12/hdl/mii_to_rmii_v2_0_vh_rfs.vhd:1565]
INFO: [Synth 8-3491] module 'XORCY' declared at 'E:/Vivado/2018.1/scripts/rt/data/unisim_comp.v:52721' bound to instance 'XORCY_I' of component 'XORCY' [k:/ECE532/prj/project/project.srcs/sources_1/bd/design_1/ipshared/1f12/hdl/mii_to_rmii_v2_0_vh_rfs.vhd:1572]
INFO: [Synth 8-3491] module 'FDRE' declared at 'E:/Vivado/2018.1/scripts/rt/data/unisim_comp.v:3966' bound to instance 'FDRE_I' of component 'FDRE' [k:/ECE532/prj/project/project.srcs/sources_1/bd/design_1/ipshared/1f12/hdl/mii_to_rmii_v2_0_vh_rfs.vhd:1578]
INFO: [Synth 8-3491] module 'MUXCY_L' declared at 'E:/Vivado/2018.1/scripts/rt/data/unisim_comp.v:26640' bound to instance 'MUXCY_L_I' of component 'MUXCY_L' [k:/ECE532/prj/project/project.srcs/sources_1/bd/design_1/ipshared/1f12/hdl/mii_to_rmii_v2_0_vh_rfs.vhd:1565]
INFO: [Synth 8-3491] module 'XORCY' declared at 'E:/Vivado/2018.1/scripts/rt/data/unisim_comp.v:52721' bound to instance 'XORCY_I' of component 'XORCY' [k:/ECE532/prj/project/project.srcs/sources_1/bd/design_1/ipshared/1f12/hdl/mii_to_rmii_v2_0_vh_rfs.vhd:1572]
INFO: [Synth 8-3491] module 'FDRE' declared at 'E:/Vivado/2018.1/scripts/rt/data/unisim_comp.v:3966' bound to instance 'FDRE_I' of component 'FDRE' [k:/ECE532/prj/project/project.srcs/sources_1/bd/design_1/ipshared/1f12/hdl/mii_to_rmii_v2_0_vh_rfs.vhd:1578]
INFO: [Synth 8-3491] module 'SRL16E' declared at 'E:/Vivado/2018.1/scripts/rt/data/unisim_comp.v:50709' bound to instance 'SRL16E_I' of component 'SRL16E' [k:/ECE532/prj/project/project.srcs/sources_1/bd/design_1/ipshared/1f12/hdl/mii_to_rmii_v2_0_vh_rfs.vhd:1589]
INFO: [Synth 8-6157] synthesizing module 'SRL16E' [E:/Vivado/2018.1/scripts/rt/data/unisim_comp.v:50709]
	Parameter INIT bound to: 16'b0000000000000000 
	Parameter IS_CLK_INVERTED bound to: 1'b0 
INFO: [Synth 8-6155] done synthesizing module 'SRL16E' (6#1) [E:/Vivado/2018.1/scripts/rt/data/unisim_comp.v:50709]
INFO: [Synth 8-3491] module 'SRL16E' declared at 'E:/Vivado/2018.1/scripts/rt/data/unisim_comp.v:50709' bound to instance 'SRL16E_I' of component 'SRL16E' [k:/ECE532/prj/project/project.srcs/sources_1/bd/design_1/ipshared/1f12/hdl/mii_to_rmii_v2_0_vh_rfs.vhd:1589]
INFO: [Synth 8-3491] module 'SRL16E' declared at 'E:/Vivado/2018.1/scripts/rt/data/unisim_comp.v:50709' bound to instance 'SRL16E_I' of component 'SRL16E' [k:/ECE532/prj/project/project.srcs/sources_1/bd/design_1/ipshared/1f12/hdl/mii_to_rmii_v2_0_vh_rfs.vhd:1589]
INFO: [Synth 8-3491] module 'SRL16E' declared at 'E:/Vivado/2018.1/scripts/rt/data/unisim_comp.v:50709' bound to instance 'SRL16E_I' of component 'SRL16E' [k:/ECE532/prj/project/project.srcs/sources_1/bd/design_1/ipshared/1f12/hdl/mii_to_rmii_v2_0_vh_rfs.vhd:1589]
INFO: [Synth 8-3491] module 'SRL16E' declared at 'E:/Vivado/2018.1/scripts/rt/data/unisim_comp.v:50709' bound to instance 'SRL16E_I' of component 'SRL16E' [k:/ECE532/prj/project/project.srcs/sources_1/bd/design_1/ipshared/1f12/hdl/mii_to_rmii_v2_0_vh_rfs.vhd:1589]
INFO: [Synth 8-256] done synthesizing module 'SRL_FIFO' (7#1) [k:/ECE532/prj/project/project.srcs/sources_1/bd/design_1/ipshared/1f12/hdl/mii_to_rmii_v2_0_vh_rfs.vhd:1454]
INFO: [Synth 8-256] done synthesizing module 'rmii_rx_fixed' (8#1) [k:/ECE532/prj/project/project.srcs/sources_1/bd/design_1/ipshared/1f12/hdl/mii_to_rmii_v2_0_vh_rfs.vhd:2664]
INFO: [Synth 8-256] done synthesizing module 'mii_to_rmii' (9#1) [k:/ECE532/prj/project/project.srcs/sources_1/bd/design_1/ipshared/1f12/hdl/mii_to_rmii_v2_0_vh_rfs.vhd:4219]
INFO: [Synth 8-256] done synthesizing module 'design_1_mii_to_rmii_0_0' (10#1) [k:/ECE532/prj/project/project.srcs/sources_1/bd/design_1/ip/design_1_mii_to_rmii_0_0/synth/design_1_mii_to_rmii_0_0.vhd:81]
WARNING: [Synth 8-3331] design rmii_rx_fixed has unconnected port Rx_speed_100
---------------------------------------------------------------------------------
Finished RTL Elaboration : Time (s): cpu = 00:00:07 ; elapsed = 00:00:07 . Memory (MB): peak = 447.574 ; gain = 157.211
---------------------------------------------------------------------------------

Report Check Netlist: 
+------+------------------+-------+---------+-------+------------------+
|      |Item              |Errors |Warnings |Status |Description       |
+------+------------------+-------+---------+-------+------------------+
|1     |multi_driven_nets |      0|        0|Passed |Multi driven nets |
+------+------------------+-------+---------+-------+------------------+
---------------------------------------------------------------------------------
Start Handling Custom Attributes
---------------------------------------------------------------------------------
---------------------------------------------------------------------------------
Finished Handling Custom Attributes : Time (s): cpu = 00:00:07 ; elapsed = 00:00:07 . Memory (MB): peak = 447.574 ; gain = 157.211
---------------------------------------------------------------------------------
---------------------------------------------------------------------------------
Finished RTL Optimization Phase 1 : Time (s): cpu = 00:00:07 ; elapsed = 00:00:07 . Memory (MB): peak = 447.574 ; gain = 157.211
---------------------------------------------------------------------------------
INFO: [Netlist 29-17] Analyzing 9 Unisim elements for replacement
INFO: [Netlist 29-28] Unisim Transformation completed in 0 CPU seconds
INFO: [Device 21-403] Loading part xc7a100tcsg324-1
INFO: [Project 1-570] Preparing netlist for logic optimization

Processing XDC Constraints
Initializing timing engine
Parsing XDC File [k:/ECE532/prj/project/project.srcs/sources_1/bd/design_1/ip/design_1_mii_to_rmii_0_0/design_1_mii_to_rmii_0_0_ooc.xdc] for cell 'U0'
Finished Parsing XDC File [k:/ECE532/prj/project/project.srcs/sources_1/bd/design_1/ip/design_1_mii_to_rmii_0_0/design_1_mii_to_rmii_0_0_ooc.xdc] for cell 'U0'
Parsing XDC File [k:/ECE532/prj/project/project.srcs/sources_1/bd/design_1/ip/design_1_mii_to_rmii_0_0/design_1_mii_to_rmii_0_0_board.xdc] for cell 'U0'
Finished Parsing XDC File [k:/ECE532/prj/project/project.srcs/sources_1/bd/design_1/ip/design_1_mii_to_rmii_0_0/design_1_mii_to_rmii_0_0_board.xdc] for cell 'U0'
Parsing XDC File [K:/ECE532/prj/project/project.runs/design_1_mii_to_rmii_0_0_synth_1/dont_touch.xdc]
Finished Parsing XDC File [K:/ECE532/prj/project/project.runs/design_1_mii_to_rmii_0_0_synth_1/dont_touch.xdc]
Completed Processing XDC Constraints

INFO: [Project 1-111] Unisim Transformation Summary:
  A total of 5 instances were transformed.
  FDR => FDRE: 1 instances
  MUXCY_L => MUXCY: 4 instances

Constraint Validation Runtime : Time (s): cpu = 00:00:00 ; elapsed = 00:00:00.038 . Memory (MB): peak = 791.266 ; gain = 1.508
---------------------------------------------------------------------------------
Finished Constraint Validation : Time (s): cpu = 00:00:18 ; elapsed = 00:00:21 . Memory (MB): peak = 791.266 ; gain = 500.902
---------------------------------------------------------------------------------
---------------------------------------------------------------------------------
Start Loading Part and Timing Information
---------------------------------------------------------------------------------
Loading part: xc7a100tcsg324-1
---------------------------------------------------------------------------------
Finished Loading Part and Timing Information : Time (s): cpu = 00:00:18 ; elapsed = 00:00:21 . Memory (MB): peak = 791.266 ; gain = 500.902
---------------------------------------------------------------------------------
---------------------------------------------------------------------------------
Start Applying 'set_property' XDC Constraints
---------------------------------------------------------------------------------
Applied set_property DONT_TOUCH = true for U0. (constraint file  K:/ECE532/prj/project/project.runs/design_1_mii_to_rmii_0_0_synth_1/dont_touch.xdc, line 9).
---------------------------------------------------------------------------------
Finished applying 'set_property' XDC Constraints : Time (s): cpu = 00:00:18 ; elapsed = 00:00:21 . Memory (MB): peak = 791.266 ; gain = 500.902
---------------------------------------------------------------------------------
INFO: [Synth 8-802] inferred FSM for state register 'present_state_reg' in module 'rmii_tx_fixed'
INFO: [Synth 8-5544] ROM "next_state" won't be mapped to Block RAM because address size (1) smaller than threshold (5)
INFO: [Synth 8-5544] ROM "buffer_Empty" won't be mapped to Block RAM because address size (4) smaller than threshold (5)
INFO: [Synth 8-5544] ROM "buffer_Full" won't be mapped to Block RAM because address size (4) smaller than threshold (5)
INFO: [Synth 8-802] inferred FSM for state register 'RX_100_MBPS.fifo_ldr_cs_reg' in module 'rmii_rx_fixed'
INFO: [Synth 8-802] inferred FSM for state register 'RX_100_MBPS.fifo_flshr_cs_reg' in module 'rmii_rx_fixed'
INFO: [Synth 8-5544] ROM "fifo_ldr_ns" won't be mapped to Block RAM because address size (1) smaller than threshold (5)
INFO: [Synth 8-5544] ROM "fifo_ldr_ns" won't be mapped to Block RAM because address size (1) smaller than threshold (5)
INFO: [Synth 8-5544] ROM "fIFO_Read" won't be mapped to Block RAM because address size (2) smaller than threshold (5)
INFO: [Synth 8-5544] ROM "rx_out_mux_sel" won't be mapped to Block RAM because address size (2) smaller than threshold (5)
INFO: [Synth 8-5544] ROM "Rmii2Mac_rx_clk" won't be mapped to Block RAM because address size (2) smaller than threshold (5)
INFO: [Synth 8-5544] ROM "fifo_flshr_ns" won't be mapped to Block RAM because address size (1) smaller than threshold (5)
INFO: [Synth 8-5544] ROM "fifo_flshr_ns" won't be mapped to Block RAM because address size (1) smaller than threshold (5)
INFO: [Synth 8-5544] ROM "fifo_flshr_ns" won't be mapped to Block RAM because address size (1) smaller than threshold (5)
INFO: [Synth 8-5544] ROM "fifo_flshr_ns" won't be mapped to Block RAM because address size (1) smaller than threshold (5)
---------------------------------------------------------------------------------------------------
                   State |                     New Encoding |                Previous Encoding 
---------------------------------------------------------------------------------------------------
              idle_clk_l |         000000000000000000000001 |                            00000
              idle_clk_h |         000000000000000000000010 |                            00001
     tx100_dibit_0_clk_l |         000000000000000000000100 |                            00010
     tx100_dibit_1_clk_h |         000000000000000000001000 |                            00011
     tx10_dibit_0_clk_l0 |         000000000000000000010000 |                            00100
     tx10_dibit_0_clk_l1 |         000000000000000000100000 |                            00101
     tx10_dibit_0_clk_l2 |         000000000000000001000000 |                            00110
     tx10_dibit_0_clk_l3 |         000000000000000010000000 |                            00111
     tx10_dibit_0_clk_l4 |         000000000000000100000000 |                            01000
     tx10_dibit_0_clk_l5 |         000000000000001000000000 |                            01001
     tx10_dibit_0_clk_l6 |         000000000000010000000000 |                            01010
     tx10_dibit_0_clk_l7 |         000000000000100000000000 |                            01011
     tx10_dibit_0_clk_l8 |         000000000001000000000000 |                            01100
     tx10_dibit_0_clk_l9 |         000000000010000000000000 |                            01101
     tx10_dibit_1_clk_h0 |         000000000100000000000000 |                            01110
     tx10_dibit_1_clk_h1 |         000000001000000000000000 |                            01111
     tx10_dibit_1_clk_h2 |         000000010000000000000000 |                            10000
     tx10_dibit_1_clk_h3 |         000000100000000000000000 |                            10001
     tx10_dibit_1_clk_h4 |         000001000000000000000000 |                            10010
     tx10_dibit_1_clk_h5 |         000010000000000000000000 |                            10011
     tx10_dibit_1_clk_h6 |         000100000000000000000000 |                            10100
     tx10_dibit_1_clk_h7 |         001000000000000000000000 |                            10101
     tx10_dibit_1_clk_h8 |         010000000000000000000000 |                            10110
     tx10_dibit_1_clk_h9 |         100000000000000000000000 |                            10111
---------------------------------------------------------------------------------------------------
INFO: [Synth 8-3354] encoded FSM with state register 'present_state_reg' using encoding 'one-hot' in module 'rmii_tx_fixed'
---------------------------------------------------------------------------------------------------
                   State |                     New Encoding |                Previous Encoding 
---------------------------------------------------------------------------------------------------
            flshr_idle_l |                               00 |                               00
            flshr_idle_h |                               01 |                               01
             rx100_clk_l |                               10 |                               10
             rx100_clk_h |                               11 |                               11
---------------------------------------------------------------------------------------------------
INFO: [Synth 8-3354] encoded FSM with state register 'RX_100_MBPS.fifo_flshr_cs_reg' using encoding 'sequential' in module 'rmii_rx_fixed'
---------------------------------------------------------------------------------------------------
                   State |                     New Encoding |                Previous Encoding 
---------------------------------------------------------------------------------------------------
              idle_no_wr |                               00 |                               00
                   rx_wr |                               01 |                               10
                rx_no_wr |                               10 |                               01
---------------------------------------------------------------------------------------------------
INFO: [Synth 8-3354] encoded FSM with state register 'RX_100_MBPS.fifo_ldr_cs_reg' using encoding 'sequential' in module 'rmii_rx_fixed'
---------------------------------------------------------------------------------
Finished RTL Optimization Phase 2 : Time (s): cpu = 00:00:18 ; elapsed = 00:00:22 . Memory (MB): peak = 791.266 ; gain = 500.902
---------------------------------------------------------------------------------

Report RTL Partitions: 
+-+--------------+------------+----------+
| |RTL Partition |Replication |Instances |
+-+--------------+------------+----------+
+-+--------------+------------+----------+
---------------------------------------------------------------------------------
Start RTL Component Statistics 
---------------------------------------------------------------------------------
Detailed RTL Component Info : 
+---XORs : 
	   2 Input      1 Bit         XORs := 6     
+---Registers : 
	                4 Bit    Registers := 8     
	                2 Bit    Registers := 7     
	                1 Bit    Registers := 29    
+---Muxes : 
	  24 Input     24 Bit        Muxes := 1     
	   2 Input     24 Bit        Muxes := 1     
	   2 Input      4 Bit        Muxes := 1     
	   2 Input      2 Bit        Muxes := 8     
	   4 Input      2 Bit        Muxes := 1     
	   3 Input      2 Bit        Muxes := 1     
	  24 Input      1 Bit        Muxes := 4     
	   2 Input      1 Bit        Muxes := 4     
	   4 Input      1 Bit        Muxes := 1     
	   3 Input      1 Bit        Muxes := 1     
---------------------------------------------------------------------------------
Finished RTL Component Statistics 
---------------------------------------------------------------------------------
---------------------------------------------------------------------------------
Start RTL Hierarchical Component Statistics 
---------------------------------------------------------------------------------
Hierarchical RTL Component report 
Module rmii_tx_fixed 
Detailed RTL Component Info : 
+---XORs : 
	   2 Input      1 Bit         XORs := 2     
+---Registers : 
	                4 Bit    Registers := 1     
	                2 Bit    Registers := 1     
	                1 Bit    Registers := 3     
+---Muxes : 
	  24 Input     24 Bit        Muxes := 1     
	   2 Input     24 Bit        Muxes := 1     
	   2 Input      2 Bit        Muxes := 1     
	  24 Input      1 Bit        Muxes := 4     
Module SRL_FIFO 
Detailed RTL Component Info : 
+---XORs : 
	   2 Input      1 Bit         XORs := 4     
+---Muxes : 
	   2 Input      1 Bit        Muxes := 2     
Module rmii_rx_fixed 
Detailed RTL Component Info : 
+---Registers : 
	                4 Bit    Registers := 4     
	                2 Bit    Registers := 2     
	                1 Bit    Registers := 11    
+---Muxes : 
	   2 Input      4 Bit        Muxes := 1     
	   4 Input      2 Bit        Muxes := 1     
	   2 Input      2 Bit        Muxes := 7     
	   3 Input      2 Bit        Muxes := 1     
	   4 Input      1 Bit        Muxes := 1     
	   2 Input      1 Bit        Muxes := 2     
	   3 Input      1 Bit        Muxes := 1     
Module mii_to_rmii 
Detailed RTL Component Info : 
+---Registers : 
	                4 Bit    Registers := 3     
	                2 Bit    Registers := 4     
	                1 Bit    Registers := 15    
---------------------------------------------------------------------------------
Finished RTL Hierarchical Component Statistics
---------------------------------------------------------------------------------
---------------------------------------------------------------------------------
Start Part Resource Summary
---------------------------------------------------------------------------------
Part Resources:
DSPs: 240 (col length:80)
BRAMs: 270 (col length: RAMB18 80 RAMB36 40)
---------------------------------------------------------------------------------
Finished Part Resource Summary
---------------------------------------------------------------------------------
---------------------------------------------------------------------------------
Start Cross Boundary and Area Optimization
---------------------------------------------------------------------------------
Warning: Parallel synthesis criteria is not met 
INFO: [Synth 8-3886] merging instance 'U0/RMII_FIXED.I_RX/RX_100_MBPS.phy2Rmii_rxd_d1_reg[0]' (FDR) to 'U0/RMII_FIXED.I_RX/RX_100_MBPS.phy2Rmii_rxd_d2_reg[2]'
INFO: [Synth 8-3886] merging instance 'U0/RMII_FIXED.I_RX/RX_100_MBPS.phy2Rmii_rxd_d1_reg[1]' (FDR) to 'U0/RMII_FIXED.I_RX/RX_100_MBPS.phy2Rmii_rxd_d2_reg[3]'
INFO: [Synth 8-3886] merging instance 'U0/RMII_FIXED.I_RX/RX_100_MBPS.phy2Rmii_rxd_d2_reg[0]' (FDR) to 'U0/RMII_FIXED.I_RX/RX_100_MBPS.phy2Rmii_rxd_d3_reg[2]'
INFO: [Synth 8-3886] merging instance 'U0/RMII_FIXED.I_RX/RX_100_MBPS.phy2Rmii_rxd_d2_reg[1]' (FDR) to 'U0/RMII_FIXED.I_RX/RX_100_MBPS.phy2Rmii_rxd_d3_reg[3]'
INFO: [Synth 8-3332] Sequential element (RMII_FIXED.I_RX/RX_100_MBPS.fifo_din_dv_reg) is unused and will be removed from module mii_to_rmii.
---------------------------------------------------------------------------------
Finished Cross Boundary and Area Optimization : Time (s): cpu = 00:00:19 ; elapsed = 00:00:23 . Memory (MB): peak = 791.266 ; gain = 500.902
---------------------------------------------------------------------------------

Report RTL Partitions: 
+-+--------------+------------+----------+
| |RTL Partition |Replication |Instances |
+-+--------------+------------+----------+
+-+--------------+------------+----------+
---------------------------------------------------------------------------------
Start Applying XDC Timing Constraints
---------------------------------------------------------------------------------
---------------------------------------------------------------------------------
Finished Applying XDC Timing Constraints : Time (s): cpu = 00:00:28 ; elapsed = 00:00:35 . Memory (MB): peak = 791.266 ; gain = 500.902
---------------------------------------------------------------------------------
---------------------------------------------------------------------------------
Start Timing Optimization
---------------------------------------------------------------------------------
---------------------------------------------------------------------------------
Finished Timing Optimization : Time (s): cpu = 00:00:28 ; elapsed = 00:00:35 . Memory (MB): peak = 792.051 ; gain = 501.688
---------------------------------------------------------------------------------

Report RTL Partitions: 
+-+--------------+------------+----------+
| |RTL Partition |Replication |Instances |
+-+--------------+------------+----------+
+-+--------------+------------+----------+
---------------------------------------------------------------------------------
Start Technology Mapping
---------------------------------------------------------------------------------
---------------------------------------------------------------------------------
Finished Technology Mapping : Time (s): cpu = 00:00:28 ; elapsed = 00:00:35 . Memory (MB): peak = 792.555 ; gain = 502.191
---------------------------------------------------------------------------------

Report RTL Partitions: 
+-+--------------+------------+----------+
| |RTL Partition |Replication |Instances |
+-+--------------+------------+----------+
+-+--------------+------------+----------+
---------------------------------------------------------------------------------
Start IO Insertion
---------------------------------------------------------------------------------
---------------------------------------------------------------------------------
Start Flattening Before IO Insertion
---------------------------------------------------------------------------------
---------------------------------------------------------------------------------
Finished Flattening Before IO Insertion
---------------------------------------------------------------------------------
---------------------------------------------------------------------------------
Start Final Netlist Cleanup
---------------------------------------------------------------------------------
---------------------------------------------------------------------------------
Finished Final Netlist Cleanup
---------------------------------------------------------------------------------
---------------------------------------------------------------------------------
Finished IO Insertion : Time (s): cpu = 00:00:29 ; elapsed = 00:00:36 . Memory (MB): peak = 792.555 ; gain = 502.191
---------------------------------------------------------------------------------

Report Check Netlist: 
+------+------------------+-------+---------+-------+------------------+
|      |Item              |Errors |Warnings |Status |Description       |
+------+------------------+-------+---------+-------+------------------+
|1     |multi_driven_nets |      0|        0|Passed |Multi driven nets |
+------+------------------+-------+---------+-------+------------------+
---------------------------------------------------------------------------------
Start Renaming Generated Instances
---------------------------------------------------------------------------------
---------------------------------------------------------------------------------
Finished Renaming Generated Instances : Time (s): cpu = 00:00:29 ; elapsed = 00:00:36 . Memory (MB): peak = 792.555 ; gain = 502.191
---------------------------------------------------------------------------------

Report RTL Partitions: 
+-+--------------+------------+----------+
| |RTL Partition |Replication |Instances |
+-+--------------+------------+----------+
+-+--------------+------------+----------+
---------------------------------------------------------------------------------
Start Rebuilding User Hierarchy
---------------------------------------------------------------------------------
---------------------------------------------------------------------------------
Finished Rebuilding User Hierarchy : Time (s): cpu = 00:00:29 ; elapsed = 00:00:36 . Memory (MB): peak = 792.555 ; gain = 502.191
---------------------------------------------------------------------------------
---------------------------------------------------------------------------------
Start Renaming Generated Ports
---------------------------------------------------------------------------------
---------------------------------------------------------------------------------
Finished Renaming Generated Ports : Time (s): cpu = 00:00:29 ; elapsed = 00:00:36 . Memory (MB): peak = 792.555 ; gain = 502.191
---------------------------------------------------------------------------------
---------------------------------------------------------------------------------
Start Handling Custom Attributes
---------------------------------------------------------------------------------
---------------------------------------------------------------------------------
Finished Handling Custom Attributes : Time (s): cpu = 00:00:29 ; elapsed = 00:00:36 . Memory (MB): peak = 792.555 ; gain = 502.191
---------------------------------------------------------------------------------
---------------------------------------------------------------------------------
Start Renaming Generated Nets
---------------------------------------------------------------------------------
---------------------------------------------------------------------------------
Finished Renaming Generated Nets : Time (s): cpu = 00:00:29 ; elapsed = 00:00:36 . Memory (MB): peak = 792.555 ; gain = 502.191
---------------------------------------------------------------------------------
---------------------------------------------------------------------------------
Start Writing Synthesis Report
---------------------------------------------------------------------------------

Report BlackBoxes: 
+-+--------------+----------+
| |BlackBox name |Instances |
+-+--------------+----------+
+-+--------------+----------+

Report Cell Usage: 
+------+--------+------+
|      |Cell    |Count |
+------+--------+------+
|1     |LUT1    |     2|
|2     |LUT2    |     7|
|3     |LUT3    |     5|
|4     |LUT4    |     8|
|5     |LUT5    |     3|
|6     |LUT6    |    10|
|7     |MUXCY_L |     3|
|8     |SRL16E  |     4|
|9     |XORCY   |     4|
|10    |FDR     |     1|
|11    |FDRE    |   101|
|12    |FDSE    |     1|
+------+--------+------+

Report Instance Areas: 
+------+-------------------------------+--------------+------+
|      |Instance                       |Module        |Cells |
+------+-------------------------------+--------------+------+
|1     |top                            |              |   149|
|2     |  U0                           |mii_to_rmii   |   149|
|3     |    \RMII_FIXED.I_RX           |rmii_rx_fixed |    69|
|4     |      \RX_100_MBPS.I_SRL_FIFO  |SRL_FIFO      |    29|
|5     |    \RMII_FIXED.I_TX           |rmii_tx_fixed |    45|
+------+-------------------------------+--------------+------+
---------------------------------------------------------------------------------
Finished Writing Synthesis Report : Time (s): cpu = 00:00:29 ; elapsed = 00:00:36 . Memory (MB): peak = 792.555 ; gain = 502.191
---------------------------------------------------------------------------------
Synthesis finished with 0 errors, 0 critical warnings and 0 warnings.
Synthesis Optimization Runtime : Time (s): cpu = 00:00:16 ; elapsed = 00:00:28 . Memory (MB): peak = 792.555 ; gain = 158.500
Synthesis Optimization Complete : Time (s): cpu = 00:00:29 ; elapsed = 00:00:36 . Memory (MB): peak = 792.555 ; gain = 502.191
INFO: [Project 1-571] Translating synthesized netlist
INFO: [Netlist 29-17] Analyzing 8 Unisim elements for replacement
INFO: [Netlist 29-28] Unisim Transformation completed in 0 CPU seconds
INFO: [Project 1-570] Preparing netlist for logic optimization
INFO: [Opt 31-138] Pushed 0 inverter(s) to 0 load pin(s).
INFO: [Project 1-111] Unisim Transformation Summary:
  A total of 2 instances were transformed.
  (MUXCY,XORCY) => CARRY4: 1 instances
  FDR => FDRE: 1 instances

INFO: [Common 17-83] Releasing license: Synthesis
79 Infos, 1 Warnings, 0 Critical Warnings and 0 Errors encountered.
synth_design completed successfully
synth_design: Time (s): cpu = 00:00:30 ; elapsed = 00:00:38 . Memory (MB): peak = 804.152 ; gain = 524.734
INFO: [Coretcl 2-1174] Renamed 4 cell refs.
INFO: [Common 17-1381] The checkpoint 'K:/ECE532/prj/project/project.runs/design_1_mii_to_rmii_0_0_synth_1/design_1_mii_to_rmii_0_0.dcp' has been generated.
INFO: [runtcl-4] Executing : report_utilization -file design_1_mii_to_rmii_0_0_utilization_synth.rpt -pb design_1_mii_to_rmii_0_0_utilization_synth.pb
report_utilization: Time (s): cpu = 00:00:00 ; elapsed = 00:00:00.037 . Memory (MB): peak = 804.152 ; gain = 0.000
INFO: [Common 17-206] Exiting Vivado at Fri Apr  3 11:53:53 2020...
