#-----------------------------------------------------------
# Vivado v2018.1 (64-bit)
# SW Build 2188600 on Wed Apr  4 18:40:38 MDT 2018
# IP Build 2185939 on Wed Apr  4 20:55:05 MDT 2018
# Start of session at: Fri Apr  3 11:50:35 2020
# Process ID: 20428
# Current directory: C:/Users/Will/Desktop/ECE532 Project/prj/IP/camera_vga/IP/hdrvga
# Command line: vivado.exe -gui_launcher_event rodinguilauncherevent30600 C:\Users\Will\Desktop\ECE532 Project\prj\IP\camera_vga\IP\hdrvga\hdrvga.xpr
# Log file: C:/Users/Will/Desktop/ECE532 Project/prj/IP/camera_vga/IP/hdrvga/vivado.log
# Journal file: C:/Users/Will/Desktop/ECE532 Project/prj/IP/camera_vga/IP/hdrvga\vivado.jou
#-----------------------------------------------------------
start_gui
open_project {C:/Users/Will/Desktop/ECE532 Project/prj/IP/camera_vga/IP/hdrvga/hdrvga.xpr}
INFO: [Project 1-313] Project file moved from 'C:/Users/Will/Downloads/OneDrive_2020-04-03/vga_hdr/hdrvga' since last save.
Scanning sources...
Finished scanning sources
WARNING: [filemgmt 56-2] IP Repository Path: Could not find the directory 'C:/Users/Will/Desktop/ECE532 Project/prj/IP/camera_vga/IP/ip_repo/vga_hdr_1.0', nor could it be found using path 'C:/Users/Will/Downloads/OneDrive_2020-04-03/vga_hdr/ip_repo/vga_hdr_1.0'.
WARNING: [filemgmt 56-2] IPUserFilesDir: Could not find the directory 'C:/Users/Will/Desktop/ECE532 Project/prj/IP/camera_vga/IP/hdrvga/hdrvga.ip_user_files', nor could it be found using path 'C:/Users/Will/Downloads/OneDrive_2020-04-03/vga_hdr/hdrvga/hdrvga.ip_user_files'.
INFO: [IP_Flow 19-234] Refreshing IP repositories
INFO: [IP_Flow 19-1700] Loaded user IP repository 'c:/Users/Will/Desktop/ECE532 Project/prj/IP/camera_vga/IP/hdrvga/hdrvga.srcs'.
WARNING: [IP_Flow 19-2248] Failed to load user IP repository 'c:/Users/Will/Desktop/ECE532 Project/prj/IP/camera_vga/IP/ip_repo/vga_hdr_1.0'; Can't find the specified path.
If this directory should no longer be in your list of user repositories, go to the IP Settings dialog and remove it.
INFO: [IP_Flow 19-2313] Loaded Vivado IP repository 'C:/Xilinx/Vivado/2018.1/data/ip'.
open_project: Time (s): cpu = 00:00:12 ; elapsed = 00:00:07 . Memory (MB): peak = 872.262 ; gain = 90.293
update_compile_order -fileset sources_1
ipx::infer_core -vendor xilinx.com -library user -taxonomy /UserIP {C:/Users/Will/Desktop/ECE532 Project/prj/IP/camera_vga/IP/hdrvga}
WARNING: [filemgmt 56-99] Vivado Synthesis ignores library specification for Verilog or SystemVerilog files. [c:/Users/Will/Desktop/ECE532 Project/prj/IP/camera_vga/IP/hdrvga/hdrvga.srcs/sources_1/imports/src/vga444.v:]
INFO: [IP_Flow 19-2181] Payment Required is not set for this core.
INFO: [IP_Flow 19-2187] The Product Guide file is missing.
INFO: [IP_Flow 19-2181] Payment Required is not set for this core.
INFO: [IP_Flow 19-2187] The Product Guide file is missing.
ipx::edit_ip_in_project -upgrade true -name hdrvga -directory {C:/Users/Will/Desktop/ECE532\ Project/prj/IP/camera_vga/IP/hdrvga/hdrvga.tmp} {c:/Users/Will/Desktop/ECE532 Project/prj/IP/camera_vga/IP/hdrvga/component.xml}
ERROR: [Ipptcl 7-561] A project named 'hdrvga' is already opened.
ERROR: [Common 17-39] 'ipx::edit_ip_in_project' failed due to earlier errors.
ipx::package_project -root_dir {c:/users/will/desktop/ece532 project/prj/ip/camera_vga/ip/hdrvga/hdrvga.srcs} -vendor xilinx.com -library user -taxonomy /UserIP -force
INFO: [IP_Flow 19-2181] Payment Required is not set for this core.
INFO: [IP_Flow 19-2187] The Product Guide file is missing.
set_property core_revision 2 [ipx::current_core]
ipx::create_xgui_files [ipx::current_core]
ipx::update_checksums [ipx::current_core]
ipx::save_core [ipx::current_core]
update_ip_catalog -rebuild -repo_path {c:/Users/Will/Desktop/ECE532 Project/prj/IP/camera_vga/IP/hdrvga/hdrvga.srcs}
INFO: [IP_Flow 19-725] Reloaded user IP repository 'c:/Users/Will/Desktop/ECE532 Project/prj/IP/camera_vga/IP/hdrvga/hdrvga.srcs'
exit
INFO: [Common 17-206] Exiting Vivado at Fri Apr  3 11:54:38 2020...
