#-----------------------------------------------------------
# Vivado v2018.1 (64-bit)
# SW Build 2188600 on Wed Apr  4 18:40:38 MDT 2018
# IP Build 2185939 on Wed Apr  4 20:55:05 MDT 2018
# Start of session at: Fri Apr  3 10:18:46 2020
# Process ID: 8884
# Current directory: C:/Users/Will/Downloads/OneDrive_2020-04-03/vga_hdr/hdrvga
# Command line: vivado.exe -gui_launcher_event rodinguilauncherevent14788 C:\Users\Will\Downloads\OneDrive_2020-04-03\vga_hdr\hdrvga\hdrvga.xpr
# Log file: C:/Users/Will/Downloads/OneDrive_2020-04-03/vga_hdr/hdrvga/vivado.log
# Journal file: C:/Users/Will/Downloads/OneDrive_2020-04-03/vga_hdr/hdrvga\vivado.jou
#-----------------------------------------------------------
start_gui
open_project C:/Users/Will/Downloads/OneDrive_2020-04-03/vga_hdr/hdrvga/hdrvga.xpr
INFO: [Project 1-313] Project file moved from '/home/chaslu/Vault/ECE532/vga_hdr/hdrvga' since last save.
Scanning sources...
Finished scanning sources
WARNING: [filemgmt 56-2] IP Repository Path: Could not find the directory 'C:/Users/Will/Downloads/OneDrive_2020-04-03/vga_hdr/ip_repo/vga_hdr_1.0', nor could it be found using path 'C:/home/chaslu/Vault/ECE532/vga_hdr/ip_repo/vga_hdr_1.0'.
WARNING: [filemgmt 56-2] IPUserFilesDir: Could not find the directory 'C:/Users/Will/Downloads/OneDrive_2020-04-03/vga_hdr/hdrvga/hdrvga.ip_user_files', nor could it be found using path 'C:/home/chaslu/Vault/ECE532/vga_hdr/hdrvga/hdrvga.ip_user_files'.
INFO: [IP_Flow 19-234] Refreshing IP repositories
WARNING: [IP_Flow 19-2248] Failed to load user IP repository 'c:/Users/Will/Downloads/OneDrive_2020-04-03/vga_hdr/ip_repo/vga_hdr_1.0'; Can't find the specified path.
If this directory should no longer be in your list of user repositories, go to the IP Settings dialog and remove it.
INFO: [IP_Flow 19-2313] Loaded Vivado IP repository 'C:/Xilinx/Vivado/2018.1/data/ip'.
open_project: Time (s): cpu = 00:00:11 ; elapsed = 00:00:09 . Memory (MB): peak = 817.918 ; gain = 116.102
update_compile_order -fileset sources_1
ipx::package_project -root_dir c:/users/will/downloads/onedrive_2020-04-03/vga_hdr/hdrvga/hdrvga.srcs -vendor xilinx.com -library user -taxonomy /UserIP
INFO: [IP_Flow 19-2181] Payment Required is not set for this core.
INFO: [IP_Flow 19-2187] The Product Guide file is missing.
set_property core_revision 2 [ipx::current_core]
ipx::create_xgui_files [ipx::current_core]
ipx::update_checksums [ipx::current_core]
ipx::save_core [ipx::current_core]
set_property  ip_repo_paths  {c:/users/will/downloads/onedrive_2020-04-03/vga_hdr/hdrvga/hdrvga.srcs c:/Users/Will/Downloads/OneDrive_2020-04-03/vga_hdr/ip_repo/vga_hdr_1.0} [current_project]
update_ip_catalog
INFO: [IP_Flow 19-234] Refreshing IP repositories
INFO: [IP_Flow 19-1700] Loaded user IP repository 'c:/users/will/downloads/onedrive_2020-04-03/vga_hdr/hdrvga/hdrvga.srcs'.
WARNING: [IP_Flow 19-2248] Failed to load user IP repository 'c:/Users/Will/Downloads/OneDrive_2020-04-03/vga_hdr/ip_repo/vga_hdr_1.0'; Can't find the specified path.
If this directory should no longer be in your list of user repositories, go to the IP Settings dialog and remove it.
set_property core_revision 3 [ipx::current_core]
ipx::create_xgui_files [ipx::current_core]
ipx::update_checksums [ipx::current_core]
ipx::save_core [ipx::current_core]
update_ip_catalog -rebuild -repo_path c:/users/will/downloads/onedrive_2020-04-03/vga_hdr/hdrvga/hdrvga.srcs
INFO: [IP_Flow 19-725] Reloaded user IP repository 'c:/users/will/downloads/onedrive_2020-04-03/vga_hdr/hdrvga/hdrvga.srcs'
