#-----------------------------------------------------------
# Vivado v2018.1 (64-bit)
# SW Build 2188600 on Wed Apr  4 18:40:38 MDT 2018
# IP Build 2185939 on Wed Apr  4 20:55:05 MDT 2018
# Start of session at: Fri Apr  3 12:01:54 2020
# Process ID: 16600
# Current directory: C:/Users/Will/Desktop/ECE532 Project/prj/IP/camera_vga/IP/hdrvga
# Command line: vivado.exe -gui_launcher_event rodinguilauncherevent9328 C:\Users\Will\Desktop\ECE532 Project\prj\IP\camera_vga\IP\hdrvga\hdrvga.xpr
# Log file: C:/Users/Will/Desktop/ECE532 Project/prj/IP/camera_vga/IP/hdrvga/vivado.log
# Journal file: C:/Users/Will/Desktop/ECE532 Project/prj/IP/camera_vga/IP/hdrvga\vivado.jou
#-----------------------------------------------------------
start_gui
open_project {C:/Users/Will/Desktop/ECE532 Project/prj/IP/camera_vga/IP/hdrvga/hdrvga.xpr}
Scanning sources...
Finished scanning sources
WARNING: [filemgmt 56-3] IP Repository Path: Could not find the directory 'C:/Users/Will/Desktop/ECE532 Project/prj/IP/camera_vga/IP/ip_repo/vga_hdr_1.0'.
WARNING: [filemgmt 56-3] IPUserFilesDir: Could not find the directory 'C:/Users/Will/Desktop/ECE532 Project/prj/IP/camera_vga/IP/hdrvga/hdrvga.ip_user_files'.
INFO: [IP_Flow 19-234] Refreshing IP repositories
INFO: [IP_Flow 19-1700] Loaded user IP repository 'c:/Users/Will/Desktop/ECE532 Project/prj/IP/camera_vga/IP/hdrvga/hdrvga.srcs'.
WARNING: [IP_Flow 19-2248] Failed to load user IP repository 'c:/Users/Will/Desktop/ECE532 Project/prj/IP/camera_vga/IP/ip_repo/vga_hdr_1.0'; Can't find the specified path.
If this directory should no longer be in your list of user repositories, go to the IP Settings dialog and remove it.
INFO: [IP_Flow 19-2313] Loaded Vivado IP repository 'C:/Xilinx/Vivado/2018.1/data/ip'.
open_project: Time (s): cpu = 00:00:16 ; elapsed = 00:00:16 . Memory (MB): peak = 870.063 ; gain = 113.172
update_compile_order -fileset sources_1
exit
INFO: [Common 17-206] Exiting Vivado at Fri Apr  3 12:06:13 2020...
