
*** Running vivado
    with args -log ov7670_controller.vds -m64 -product Vivado -mode batch -messageDb vivado.pb -notrace -source ov7670_controller.tcl


****** Vivado v2018.1 (64-bit)
  **** SW Build 2188600 on Wed Apr  4 18:40:38 MDT 2018
  **** IP Build 2185939 on Wed Apr  4 20:55:05 MDT 2018
    ** Copyright 1986-2018 Xilinx, Inc. All Rights Reserved.

source ov7670_controller.tcl -notrace
Command: synth_design -top ov7670_controller -part xc7a100tcsg324-1
Starting synth_design
Attempting to get a license for feature 'Synthesis' and/or device 'xc7a100t'
INFO: [Common 17-349] Got license for feature 'Synthesis' and/or device 'xc7a100t'
INFO: Launching helper process for spawning children vivado processes
INFO: Helper process launched with PID 10216 
---------------------------------------------------------------------------------
Starting Synthesize : Time (s): cpu = 00:00:05 ; elapsed = 00:00:05 . Memory (MB): peak = 357.699 ; gain = 98.996
---------------------------------------------------------------------------------
INFO: [Synth 8-638] synthesizing module 'ov7670_controller' [K:/ECE532/prj/IP/camera_vga/IP/OV7670_Controller/OV7670_Controller.srcs/sources_1/new/ov7670_controller.vhd:24]
INFO: [Synth 8-3491] module 'i2c_sender' declared at 'K:/ECE532/prj/IP/camera_vga/IP/OV7670_Controller/OV7670_Controller.srcs/sources_1/new/i2c_sender.vhd:11' bound to instance 'Inst_i2c_sender' of component 'i2c_sender' [K:/ECE532/prj/IP/camera_vga/IP/OV7670_Controller/OV7670_Controller.srcs/sources_1/new/ov7670_controller.vhd:72]
INFO: [Synth 8-638] synthesizing module 'i2c_sender' [K:/ECE532/prj/IP/camera_vga/IP/OV7670_Controller/OV7670_Controller.srcs/sources_1/new/i2c_sender.vhd:24]
INFO: [Synth 8-256] done synthesizing module 'i2c_sender' (1#1) [K:/ECE532/prj/IP/camera_vga/IP/OV7670_Controller/OV7670_Controller.srcs/sources_1/new/i2c_sender.vhd:24]
INFO: [Synth 8-3491] module 'ov7670_registers_low' declared at 'K:/ECE532/prj/IP/camera_vga/IP/OV7670_Controller/OV7670_Controller.srcs/sources_1/new/ov7670_registers.vhd:27' bound to instance 'Inst_ov7670_registers_low' of component 'ov7670_registers_low' [K:/ECE532/prj/IP/camera_vga/IP/OV7670_Controller/OV7670_Controller.srcs/sources_1/new/ov7670_controller.vhd:87]
INFO: [Synth 8-638] synthesizing module 'ov7670_registers_low' [K:/ECE532/prj/IP/camera_vga/IP/OV7670_Controller/OV7670_Controller.srcs/sources_1/new/ov7670_registers.vhd:35]
INFO: [Synth 8-256] done synthesizing module 'ov7670_registers_low' (2#1) [K:/ECE532/prj/IP/camera_vga/IP/OV7670_Controller/OV7670_Controller.srcs/sources_1/new/ov7670_registers.vhd:35]
INFO: [Synth 8-3491] module 'ov7670_registers_high' declared at 'K:/ECE532/prj/IP/camera_vga/IP/OV7670_Controller/OV7670_Controller.srcs/sources_1/new/ov7670_registers_b.vhd:27' bound to instance 'Inst_ov7670_registers_high' of component 'ov7670_registers_high' [K:/ECE532/prj/IP/camera_vga/IP/OV7670_Controller/OV7670_Controller.srcs/sources_1/new/ov7670_controller.vhd:95]
INFO: [Synth 8-638] synthesizing module 'ov7670_registers_high' [K:/ECE532/prj/IP/camera_vga/IP/OV7670_Controller/OV7670_Controller.srcs/sources_1/new/ov7670_registers_b.vhd:35]
INFO: [Synth 8-256] done synthesizing module 'ov7670_registers_high' (3#1) [K:/ECE532/prj/IP/camera_vga/IP/OV7670_Controller/OV7670_Controller.srcs/sources_1/new/ov7670_registers_b.vhd:35]
WARNING: [Synth 8-614] signal 'prog_trig' is read in the process but is not in the sensitivity list [K:/ECE532/prj/IP/camera_vga/IP/OV7670_Controller/OV7670_Controller.srcs/sources_1/new/ov7670_controller.vhd:103]
WARNING: [Synth 8-614] signal 'finished_low' is read in the process but is not in the sensitivity list [K:/ECE532/prj/IP/camera_vga/IP/OV7670_Controller/OV7670_Controller.srcs/sources_1/new/ov7670_controller.vhd:103]
WARNING: [Synth 8-614] signal 'command_low' is read in the process but is not in the sensitivity list [K:/ECE532/prj/IP/camera_vga/IP/OV7670_Controller/OV7670_Controller.srcs/sources_1/new/ov7670_controller.vhd:103]
WARNING: [Synth 8-614] signal 'finished_high' is read in the process but is not in the sensitivity list [K:/ECE532/prj/IP/camera_vga/IP/OV7670_Controller/OV7670_Controller.srcs/sources_1/new/ov7670_controller.vhd:103]
WARNING: [Synth 8-614] signal 'command_high' is read in the process but is not in the sensitivity list [K:/ECE532/prj/IP/camera_vga/IP/OV7670_Controller/OV7670_Controller.srcs/sources_1/new/ov7670_controller.vhd:103]
INFO: [Synth 8-256] done synthesizing module 'ov7670_controller' (4#1) [K:/ECE532/prj/IP/camera_vga/IP/OV7670_Controller/OV7670_Controller.srcs/sources_1/new/ov7670_controller.vhd:24]
WARNING: [Synth 8-3917] design ov7670_controller has port reset driven by constant 1
WARNING: [Synth 8-3917] design ov7670_controller has port pwdn driven by constant 0
---------------------------------------------------------------------------------
Finished Synthesize : Time (s): cpu = 00:00:06 ; elapsed = 00:00:06 . Memory (MB): peak = 412.133 ; gain = 153.430
---------------------------------------------------------------------------------
---------------------------------------------------------------------------------
Finished Constraint Validation : Time (s): cpu = 00:00:06 ; elapsed = 00:00:06 . Memory (MB): peak = 412.133 ; gain = 153.430
---------------------------------------------------------------------------------
---------------------------------------------------------------------------------
Start Loading Part and Timing Information
---------------------------------------------------------------------------------
Loading part: xc7a100tcsg324-1
---------------------------------------------------------------------------------
Finished Loading Part and Timing Information : Time (s): cpu = 00:00:06 ; elapsed = 00:00:06 . Memory (MB): peak = 412.133 ; gain = 153.430
---------------------------------------------------------------------------------
INFO: [Device 21-403] Loading part xc7a100tcsg324-1
INFO: [Synth 8-5546] ROM "taken" won't be mapped to RAM because it is too sparse
INFO: [Synth 8-5546] ROM "data_sr" won't be mapped to RAM because it is too sparse
INFO: [Synth 8-5546] ROM "divider" won't be mapped to RAM because it is too sparse
INFO: [Synth 8-5546] ROM "finished" won't be mapped to RAM because it is too sparse
WARNING: [Synth 8-6040] Register address_reg_rep driving address of a ROM cannot be packed in BRAM/URAM because of presence of initial value.
WARNING: [Synth 8-6014] Unused sequential element sreg_reg was removed.  [K:/ECE532/prj/IP/camera_vga/IP/OV7670_Controller/OV7670_Controller.srcs/sources_1/new/ov7670_registers.vhd:52]
INFO: [Synth 8-5546] ROM "finished" won't be mapped to RAM because it is too sparse
WARNING: [Synth 8-6040] Register address_reg_rep driving address of a ROM cannot be packed in BRAM/URAM because of presence of initial value.
WARNING: [Synth 8-6014] Unused sequential element sreg_reg was removed.  [K:/ECE532/prj/IP/camera_vga/IP/OV7670_Controller/OV7670_Controller.srcs/sources_1/new/ov7670_registers_b.vhd:52]
---------------------------------------------------------------------------------
Finished RTL Optimization Phase 2 : Time (s): cpu = 00:00:06 ; elapsed = 00:00:06 . Memory (MB): peak = 412.133 ; gain = 153.430
---------------------------------------------------------------------------------

Report RTL Partitions: 
+-+--------------+------------+----------+
| |RTL Partition |Replication |Instances |
+-+--------------+------------+----------+
+-+--------------+------------+----------+
No constraint files found.
---------------------------------------------------------------------------------
Start RTL Component Statistics 
---------------------------------------------------------------------------------
Detailed RTL Component Info : 
+---Adders : 
	   2 Input      8 Bit       Adders := 6     
+---Registers : 
	               32 Bit    Registers := 2     
	               16 Bit    Registers := 2     
	                8 Bit    Registers := 5     
	                1 Bit    Registers := 3     
+---ROMs : 
	                              ROMs := 2     
+---Muxes : 
	   2 Input     32 Bit        Muxes := 2     
	   2 Input     16 Bit        Muxes := 1     
	   2 Input      8 Bit        Muxes := 2     
	   7 Input      2 Bit        Muxes := 1     
	   2 Input      1 Bit        Muxes := 7     
	   3 Input      1 Bit        Muxes := 1     
	   4 Input      1 Bit        Muxes := 3     
---------------------------------------------------------------------------------
Finished RTL Component Statistics 
---------------------------------------------------------------------------------
---------------------------------------------------------------------------------
Start RTL Hierarchical Component Statistics 
---------------------------------------------------------------------------------
Hierarchical RTL Component report 
Module ov7670_controller 
Detailed RTL Component Info : 
+---Registers : 
	                1 Bit    Registers := 1     
+---Muxes : 
	   2 Input     16 Bit        Muxes := 1     
	   2 Input      1 Bit        Muxes := 2     
Module i2c_sender 
Detailed RTL Component Info : 
+---Adders : 
	   2 Input      8 Bit       Adders := 2     
+---Registers : 
	               32 Bit    Registers := 2     
	                8 Bit    Registers := 1     
	                1 Bit    Registers := 2     
+---Muxes : 
	   2 Input     32 Bit        Muxes := 2     
	   2 Input      8 Bit        Muxes := 2     
	   7 Input      2 Bit        Muxes := 1     
	   2 Input      1 Bit        Muxes := 3     
	   3 Input      1 Bit        Muxes := 1     
	   4 Input      1 Bit        Muxes := 3     
Module ov7670_registers_low 
Detailed RTL Component Info : 
+---Adders : 
	   2 Input      8 Bit       Adders := 2     
+---Registers : 
	               16 Bit    Registers := 1     
	                8 Bit    Registers := 2     
+---ROMs : 
	                              ROMs := 1     
+---Muxes : 
	   2 Input      1 Bit        Muxes := 1     
Module ov7670_registers_high 
Detailed RTL Component Info : 
+---Adders : 
	   2 Input      8 Bit       Adders := 2     
+---Registers : 
	               16 Bit    Registers := 1     
	                8 Bit    Registers := 2     
+---ROMs : 
	                              ROMs := 1     
+---Muxes : 
	   2 Input      1 Bit        Muxes := 1     
---------------------------------------------------------------------------------
Finished RTL Hierarchical Component Statistics
---------------------------------------------------------------------------------
---------------------------------------------------------------------------------
Start Part Resource Summary
---------------------------------------------------------------------------------
Part Resources:
DSPs: 240 (col length:80)
BRAMs: 270 (col length: RAMB18 80 RAMB36 40)
---------------------------------------------------------------------------------
Finished Part Resource Summary
---------------------------------------------------------------------------------
No constraint files found.
---------------------------------------------------------------------------------
Start Cross Boundary and Area Optimization
---------------------------------------------------------------------------------
Warning: Parallel synthesis criteria is not met 
INFO: [Synth 8-5546] ROM "Inst_i2c_sender/divider" won't be mapped to RAM because it is too sparse
INFO: [Synth 8-5546] ROM "Inst_i2c_sender/taken" won't be mapped to RAM because it is too sparse
INFO: [Synth 8-5546] ROM "Inst_ov7670_registers_low/finished" won't be mapped to RAM because it is too sparse
INFO: [Synth 8-5546] ROM "Inst_ov7670_registers_high/finished" won't be mapped to RAM because it is too sparse
WARNING: [Synth 8-6040] Register Inst_ov7670_registers_low/address_reg_rep driving address of a ROM cannot be packed in BRAM/URAM because of presence of initial value.
WARNING: [Synth 8-6040] Register Inst_ov7670_registers_high/address_reg_rep driving address of a ROM cannot be packed in BRAM/URAM because of presence of initial value.
WARNING: [Synth 8-6014] Unused sequential element Inst_ov7670_registers_low/sreg_reg was removed.  [K:/ECE532/prj/IP/camera_vga/IP/OV7670_Controller/OV7670_Controller.srcs/sources_1/new/ov7670_registers.vhd:52]
WARNING: [Synth 8-6014] Unused sequential element Inst_ov7670_registers_high/sreg_reg was removed.  [K:/ECE532/prj/IP/camera_vga/IP/OV7670_Controller/OV7670_Controller.srcs/sources_1/new/ov7670_registers_b.vhd:52]
WARNING: [Synth 8-3917] design ov7670_controller has port reset driven by constant 1
WARNING: [Synth 8-3917] design ov7670_controller has port pwdn driven by constant 0
INFO: [Synth 8-3333] propagating constant 1 across sequential element (\Inst_i2c_sender/data_sr_reg[0] )
WARNING: [Synth 8-3332] Sequential element (Inst_i2c_sender/data_sr_reg[0]) is unused and will be removed from module ov7670_controller.
---------------------------------------------------------------------------------
Finished Cross Boundary and Area Optimization : Time (s): cpu = 00:00:10 ; elapsed = 00:00:11 . Memory (MB): peak = 572.254 ; gain = 313.551
---------------------------------------------------------------------------------
---------------------------------------------------------------------------------
Start ROM, RAM, DSP and Shift Register Reporting
---------------------------------------------------------------------------------

ROM:
+----------------------+-------------------------------------+---------------+----------------+
|Module Name           | RTL Object                          | Depth x Width | Implemented As | 
+----------------------+-------------------------------------+---------------+----------------+
|ov7670_registers_low  | sreg_reg                            | 256x16        | Block RAM      | 
|ov7670_registers_high | sreg_reg                            | 256x16        | Block RAM      | 
|ov7670_controller     | Inst_ov7670_registers_high/sreg_reg | 256x16        | Block RAM      | 
|ov7670_controller     | Inst_ov7670_registers_low/sreg_reg  | 256x16        | Block RAM      | 
+----------------------+-------------------------------------+---------------+----------------+

---------------------------------------------------------------------------------
Finished ROM, RAM, DSP and Shift Register Reporting
---------------------------------------------------------------------------------
INFO: [Synth 8-4480] The timing for the instance i_1/Inst_ov7670_registers_high/sreg_reg (implemented as a block RAM) might be sub-optimal as no optional output register could be merged into the block ram. Providing additional output register may help in improving timing.
INFO: [Synth 8-4480] The timing for the instance i_2/Inst_ov7670_registers_low/sreg_reg (implemented as a block RAM) might be sub-optimal as no optional output register could be merged into the block ram. Providing additional output register may help in improving timing.

Report RTL Partitions: 
+-+--------------+------------+----------+
| |RTL Partition |Replication |Instances |
+-+--------------+------------+----------+
+-+--------------+------------+----------+
No constraint files found.
---------------------------------------------------------------------------------
Start Timing Optimization
---------------------------------------------------------------------------------
---------------------------------------------------------------------------------
Finished Timing Optimization : Time (s): cpu = 00:00:10 ; elapsed = 00:00:11 . Memory (MB): peak = 572.254 ; gain = 313.551
---------------------------------------------------------------------------------

Report RTL Partitions: 
+-+--------------+------------+----------+
| |RTL Partition |Replication |Instances |
+-+--------------+------------+----------+
+-+--------------+------------+----------+
---------------------------------------------------------------------------------
Start Technology Mapping
---------------------------------------------------------------------------------
INFO: [Synth 8-4480] The timing for the instance Inst_ov7670_registers_high/sreg_reg (implemented as a block RAM) might be sub-optimal as no optional output register could be merged into the block ram. Providing additional output register may help in improving timing.
INFO: [Synth 8-4480] The timing for the instance Inst_ov7670_registers_low/sreg_reg (implemented as a block RAM) might be sub-optimal as no optional output register could be merged into the block ram. Providing additional output register may help in improving timing.
---------------------------------------------------------------------------------
Finished Technology Mapping : Time (s): cpu = 00:00:10 ; elapsed = 00:00:11 . Memory (MB): peak = 572.387 ; gain = 313.684
---------------------------------------------------------------------------------

Report RTL Partitions: 
+-+--------------+------------+----------+
| |RTL Partition |Replication |Instances |
+-+--------------+------------+----------+
+-+--------------+------------+----------+
---------------------------------------------------------------------------------
Start IO Insertion
---------------------------------------------------------------------------------
---------------------------------------------------------------------------------
Start Flattening Before IO Insertion
---------------------------------------------------------------------------------
---------------------------------------------------------------------------------
Finished Flattening Before IO Insertion
---------------------------------------------------------------------------------
---------------------------------------------------------------------------------
Start Final Netlist Cleanup
---------------------------------------------------------------------------------
---------------------------------------------------------------------------------
Finished Final Netlist Cleanup
---------------------------------------------------------------------------------
---------------------------------------------------------------------------------
Finished IO Insertion : Time (s): cpu = 00:00:11 ; elapsed = 00:00:12 . Memory (MB): peak = 572.387 ; gain = 313.684
---------------------------------------------------------------------------------

Report Check Netlist: 
+------+------------------+-------+---------+-------+------------------+
|      |Item              |Errors |Warnings |Status |Description       |
+------+------------------+-------+---------+-------+------------------+
|1     |multi_driven_nets |      0|        0|Passed |Multi driven nets |
+------+------------------+-------+---------+-------+------------------+
---------------------------------------------------------------------------------
Start Renaming Generated Instances
---------------------------------------------------------------------------------
---------------------------------------------------------------------------------
Finished Renaming Generated Instances : Time (s): cpu = 00:00:11 ; elapsed = 00:00:12 . Memory (MB): peak = 572.387 ; gain = 313.684
---------------------------------------------------------------------------------

Report RTL Partitions: 
+-+--------------+------------+----------+
| |RTL Partition |Replication |Instances |
+-+--------------+------------+----------+
+-+--------------+------------+----------+
---------------------------------------------------------------------------------
Start Rebuilding User Hierarchy
---------------------------------------------------------------------------------
---------------------------------------------------------------------------------
Finished Rebuilding User Hierarchy : Time (s): cpu = 00:00:11 ; elapsed = 00:00:12 . Memory (MB): peak = 572.387 ; gain = 313.684
---------------------------------------------------------------------------------
---------------------------------------------------------------------------------
Start Renaming Generated Ports
---------------------------------------------------------------------------------
---------------------------------------------------------------------------------
Finished Renaming Generated Ports : Time (s): cpu = 00:00:11 ; elapsed = 00:00:12 . Memory (MB): peak = 572.387 ; gain = 313.684
---------------------------------------------------------------------------------
---------------------------------------------------------------------------------
Start Handling Custom Attributes
---------------------------------------------------------------------------------
---------------------------------------------------------------------------------
Finished Handling Custom Attributes : Time (s): cpu = 00:00:11 ; elapsed = 00:00:12 . Memory (MB): peak = 572.387 ; gain = 313.684
---------------------------------------------------------------------------------
---------------------------------------------------------------------------------
Start Renaming Generated Nets
---------------------------------------------------------------------------------
---------------------------------------------------------------------------------
Finished Renaming Generated Nets : Time (s): cpu = 00:00:11 ; elapsed = 00:00:12 . Memory (MB): peak = 572.387 ; gain = 313.684
---------------------------------------------------------------------------------
---------------------------------------------------------------------------------
Start Writing Synthesis Report
---------------------------------------------------------------------------------

Report BlackBoxes: 
+-+--------------+----------+
| |BlackBox name |Instances |
+-+--------------+----------+
+-+--------------+----------+

Report Cell Usage: 
+------+---------+------+
|      |Cell     |Count |
+------+---------+------+
|1     |BUFG     |     1|
|2     |LUT1     |     5|
|3     |LUT2     |     8|
|4     |LUT3     |     7|
|5     |LUT4     |    21|
|6     |LUT5     |    55|
|7     |LUT6     |    12|
|8     |RAMB18E1 |     2|
|9     |FDRE     |   105|
|10    |FDSE     |     1|
|11    |IBUF     |     3|
|12    |OBUF     |     5|
|13    |OBUFT    |     1|
+------+---------+------+

Report Instance Areas: 
+------+-----------------------------+----------------------+------+
|      |Instance                     |Module                |Cells |
+------+-----------------------------+----------------------+------+
|1     |top                          |                      |   226|
|2     |  Inst_i2c_sender            |i2c_sender            |   148|
|3     |  Inst_ov7670_registers_high |ov7670_registers_high |    34|
|4     |  Inst_ov7670_registers_low  |ov7670_registers_low  |    32|
+------+-----------------------------+----------------------+------+
---------------------------------------------------------------------------------
Finished Writing Synthesis Report : Time (s): cpu = 00:00:11 ; elapsed = 00:00:12 . Memory (MB): peak = 572.387 ; gain = 313.684
---------------------------------------------------------------------------------
Synthesis finished with 0 errors, 0 critical warnings and 18 warnings.
Synthesis Optimization Runtime : Time (s): cpu = 00:00:11 ; elapsed = 00:00:12 . Memory (MB): peak = 572.387 ; gain = 313.684
Synthesis Optimization Complete : Time (s): cpu = 00:00:11 ; elapsed = 00:00:12 . Memory (MB): peak = 572.387 ; gain = 313.684
INFO: [Project 1-571] Translating synthesized netlist
INFO: [Netlist 29-17] Analyzing 5 Unisim elements for replacement
INFO: [Netlist 29-28] Unisim Transformation completed in 0 CPU seconds
INFO: [Project 1-570] Preparing netlist for logic optimization
INFO: [Opt 31-138] Pushed 0 inverter(s) to 0 load pin(s).
INFO: [Project 1-111] Unisim Transformation Summary:
No Unisim elements were transformed.

INFO: [Common 17-83] Releasing license: Synthesis
34 Infos, 18 Warnings, 0 Critical Warnings and 0 Errors encountered.
synth_design completed successfully
synth_design: Time (s): cpu = 00:00:15 ; elapsed = 00:00:17 . Memory (MB): peak = 667.289 ; gain = 420.332
INFO: [Common 17-1381] The checkpoint 'K:/ECE532/prj/IP/camera_vga/IP/OV7670_Controller/OV7670_Controller.runs/synth_1/ov7670_controller.dcp' has been generated.
INFO: [runtcl-4] Executing : report_utilization -file ov7670_controller_utilization_synth.rpt -pb ov7670_controller_utilization_synth.pb
report_utilization: Time (s): cpu = 00:00:00 ; elapsed = 00:00:00.037 . Memory (MB): peak = 667.289 ; gain = 0.000
INFO: [Common 17-206] Exiting Vivado at Thu Apr  2 14:25:30 2020...
